<?xml version="1.0" encoding="UTF-8"?>
<!-- Generated by org.testng.reporters.JUnitXMLReporter -->
<testsuite hostname="jayant-PC" name="Create Lead Test" tests="2" failures="0" timestamp="19 May 2013 21:55:15 GMT" time="0.007" errors="0">
  <testcase name="createLead" time="0.001" classname="com.qtpselenium.salesforce.testcases.CreateLead">
    <skipped/>
  </testcase> <!-- createLead -->
  <testcase name="createLead" time="0.001" classname="com.qtpselenium.salesforce.testcases.CreateLead">
    <skipped/>
  </testcase> <!-- createLead -->
</testsuite> <!-- Create Lead Test -->
