<?xml version="1.0" encoding="UTF-8"?>
<!-- Generated by org.testng.reporters.JUnitXMLReporter -->
<testsuite hostname="jayant-PC" name="Login Test" tests="4" failures="1" timestamp="19 May 2013 21:55:15 GMT" time="20.279" errors="0">
  <testcase name="doLogin" time="20.268" classname="com.qtpselenium.salesforce.testcases.LoginTest">
    <failure type="java.lang.AssertionError" message="Fail - Unable to write on - username">
      <![CDATA[java.lang.AssertionError: Fail - Unable to write on - username
	at com.qtpselenium.util.Keywords.executeKeywords(Keywords.java:112)
	at com.qtpselenium.salesforce.testcases.LoginTest.doLogin(LoginTest.java:43)
... Removed 24 stack frames]]>
    </failure>
  </testcase> <!-- doLogin -->
  <testcase name="doLogin" time="0.0" classname="com.qtpselenium.salesforce.testcases.LoginTest">
    <skipped/>
  </testcase> <!-- doLogin -->
  <testcase name="doLogin" time="0.0" classname="com.qtpselenium.salesforce.testcases.LoginTest">
    <skipped/>
  </testcase> <!-- doLogin -->
  <testcase name="doLogin" time="0.0" classname="com.qtpselenium.salesforce.testcases.LoginTest">
    <skipped/>
  </testcase> <!-- doLogin -->
</testsuite> <!-- Login Test -->
