<?xml version="1.0" encoding="UTF-8"?>
<!-- Generated by org.testng.reporters.JUnitXMLReporter -->
<testsuite hostname="jayant-PC" name="Menu Test" tests="2" failures="0" timestamp="19 May 2013 21:54:55 GMT" time="0.055" errors="0">
  <testcase name="topMenuTest" time="0.009" classname="com.qtpselenium.salesforce.testcases.MenuTest">
    <skipped/>
  </testcase> <!-- topMenuTest -->
  <testcase name="topMenuTest" time="0.001" classname="com.qtpselenium.salesforce.testcases.MenuTest">
    <skipped/>
  </testcase> <!-- topMenuTest -->
</testsuite> <!-- Menu Test -->
